2009/08/06 16:52:55 ctrl.Riner initLogger
情報: ログの記録開始 :./riner.log
2009/08/06 16:52:55 ctrl.Riner initProcess
設定: .prcsファイルの読み込み
2009/08/06 16:52:55 resource.FabricationProcess <init>
詳細レベル (低): FabricationProcessコンストラクタの開始
2009/08/06 16:52:55 resource.FabricationProcess <init>
詳細レベル (低): プロセス名の設定:adp
2009/08/06 16:52:55 resource.FabricationProcess <init>
詳細レベル (低): レイヤー数の指定:3
2009/08/06 16:52:55 ctrl.Riner initProcess
設定: .prcsファイルからプロセスインスタンス生成
2009/08/06 16:52:55 ctrl.Riner main
設定: ネットリストインスタンスの生成
2009/08/06 16:52:55 ctrl.Riner main
設定: .rinerファイルの読み込み
2009/08/06 16:52:55 ctrl.Riner main
情報: LayerViewFrameの起動
2009/08/06 16:52:55 gui.LayerViewPanel updateLayerViewPanel
設定: LayerViewPanelの定期更新(再描画)の開始 :100ms周期
2009/08/06 16:52:55 ctrl.Riner main
情報: DetailedRouterの起動
2009/08/06 16:52:55 drouter.DetailedGraph <init>
詳細レベル (低): DetailedGraphの生成
2009/08/06 16:52:55 ctrl.Riner main
設定: metal_lgc配線レイヤーを不使用に設定
2009/08/06 16:52:55 ctrl.Riner main
設定: 詳細配線リストインスタンスの生成
2009/08/06 16:52:55 ctrl.Riner main
情報: シングル配線の実行
2009/08/06 16:52:55 drouter.DetailedRouter searchByAStar
詳細レベル (低): 単配線
2009/08/06 16:52:55 drouter.DetailedRouter searchByAStar
詳細レベル (低): sv isEmpty:false dv isEmpty:true
2009/08/06 16:52:55 drouter.DetailedRouter searchByAStar
詳細レベル (低): ネットの端点の候補グリッド上にセルが配置されている。
2009/08/06 16:52:55 drouter.DetailedRouter searchByAStar
警告: ネット :0 java.awt.Point[x=4,y=5] > java.awt.Point[x=8,y=15] の経路未発見
2009/08/06 16:52:55 drouter.DetailedRouter searchByAStar
詳細レベル (低): 単配線
2009/08/06 16:52:55 drouter.DetailedRouter searchByAStar
詳細レベル (低): sv isEmpty:false dv isEmpty:true
2009/08/06 16:52:55 drouter.DetailedRouter searchByAStar
詳細レベル (低): ネットの端点の候補グリッド上にセルが配置されている。
2009/08/06 16:52:55 drouter.DetailedRouter searchByAStar
警告: ネット :1 java.awt.Point[x=4,y=5] > java.awt.Point[x=9,y=15] の経路未発見
2009/08/06 16:52:55 drouter.DetailedRouter searchByAStar
詳細レベル (低): 単配線
2009/08/06 16:52:55 drouter.DetailedRouter searchByAStar
詳細レベル (低): sv isEmpty:false dv isEmpty:true
2009/08/06 16:52:55 drouter.DetailedRouter searchByAStar
詳細レベル (低): ネットの端点の候補グリッド上にセルが配置されている。
2009/08/06 16:52:55 drouter.DetailedRouter searchByAStar
警告: ネット :2 java.awt.Point[x=5,y=5] > java.awt.Point[x=8,y=15] の経路未発見
2009/08/06 16:52:55 drouter.DetailedRouter searchByAStar
詳細レベル (低): 単配線
2009/08/06 16:52:55 drouter.DetailedRouter searchByAStar
詳細レベル (低): sv isEmpty:false dv isEmpty:true
2009/08/06 16:52:55 drouter.DetailedRouter searchByAStar
詳細レベル (低): ネットの端点の候補グリッド上にセルが配置されている。
2009/08/06 16:52:55 drouter.DetailedRouter searchByAStar
警告: ネット :3 java.awt.Point[x=5,y=5] > java.awt.Point[x=9,y=15] の経路未発見
2009/08/06 16:52:55 ctrl.Riner main
情報: ファイルに書き出し(エラー):./in.riner
